[   11066ms] [WARNING] Failed to inject root provider minified:aOu: Null check operator used on a null value @ https://www.gstatic.com/_/mss/boq-google-ads-adsguide/_/js/k=boq-google-ads-adsguide.AwAdsGuide.en_US.ulRcyV3XHIg.es6.O/d=1/ed=1/dg=0/br=1/wt=0/ujg=1/rs=APi5bhhUCkSuTXKdczHDbrFArfQsMwDFzw/dti=1/m=_c,_t,_b:293115
[   11255ms] [LOG] [acadv-interaction-block-registry] Setting up global listeners. @ https://www.gstatic.com/_/mss/boq-google-ads-adsguide/_/js/k=boq-google-ads-adsguide.AwAdsguideJs.en_US.92F2iV-I61E.2018.O/am=BBBAEw/d=1/br=1/rs=APi5bhj9ZCiX7PAgTZC0aE4K-AjfLR0DoA/m=_js:134
[   11256ms] [LOG] ads guide web js @ https://www.gstatic.com/_/mss/boq-google-ads-adsguide/_/js/k=boq-google-ads-adsguide.AwAdsguideJs.en_US.92F2iV-I61E.2018.O/am=BBBAEw/d=1/br=1/rs=APi5bhj9ZCiX7PAgTZC0aE4K-AjfLR0DoA/m=_js:1665
[   11349ms] [INFO] Autofocus processing was blocked because a document already has a focused element. @ https://ads.google.com/aw/ads?ocid=8286053655&workspaceId=0&euid=598303129&__u=9911701521&uscid=8286053655&__c=6334328095&authuser=0:0
[  546408ms] [INFO] Autofocus processing was blocked because a document already has a focused element. @ https://ads.google.com/aw/ads?ocid=8286053655&workspaceId=0&euid=598303129&__u=9911701521&uscid=8286053655&__c=6334328095&authuser=0:0
[  556646ms] [WARNING] Failed to inject root provider minified:aOu: Null check operator used on a null value @ https://www.gstatic.com/_/mss/boq-google-ads-adsguide/_/js/k=boq-google-ads-adsguide.AwAdsGuide.en_US.ulRcyV3XHIg.es6.O/d=1/ed=1/dg=0/br=1/wt=0/ujg=1/rs=APi5bhhUCkSuTXKdczHDbrFArfQsMwDFzw/dti=1/m=_c,_t,_b:293115
[  556761ms] [LOG] [acadv-interaction-block-registry] Setting up global listeners. @ https://www.gstatic.com/_/mss/boq-google-ads-adsguide/_/js/k=boq-google-ads-adsguide.AwAdsguideJs.en_US.92F2iV-I61E.2018.O/am=BBBAEw/d=1/br=1/rs=APi5bhj9ZCiX7PAgTZC0aE4K-AjfLR0DoA/m=_js:134
[  556762ms] [LOG] ads guide web js @ https://www.gstatic.com/_/mss/boq-google-ads-adsguide/_/js/k=boq-google-ads-adsguide.AwAdsguideJs.en_US.92F2iV-I61E.2018.O/am=BBBAEw/d=1/br=1/rs=APi5bhj9ZCiX7PAgTZC0aE4K-AjfLR0DoA/m=_js:1665
[  836786ms] [INFO] Autofocus processing was blocked because a document already has a focused element. @ https://ads.google.com/aw/ads?ocid=8286053655&workspaceId=0&euid=598303129&__u=9911701521&uscid=8286053655&__c=6334328095&authuser=0:0
[  846871ms] [WARNING] Failed to inject root provider minified:aOu: Null check operator used on a null value @ https://www.gstatic.com/_/mss/boq-google-ads-adsguide/_/js/k=boq-google-ads-adsguide.AwAdsGuide.en_US.ulRcyV3XHIg.es6.O/d=1/ed=1/dg=0/br=1/wt=0/ujg=1/rs=APi5bhhUCkSuTXKdczHDbrFArfQsMwDFzw/dti=1/m=_c,_t,_b:293115
[  847044ms] [LOG] [acadv-interaction-block-registry] Setting up global listeners. @ https://www.gstatic.com/_/mss/boq-google-ads-adsguide/_/js/k=boq-google-ads-adsguide.AwAdsguideJs.en_US.92F2iV-I61E.2018.O/am=BBBAEw/d=1/br=1/rs=APi5bhj9ZCiX7PAgTZC0aE4K-AjfLR0DoA/m=_js:134
[  847044ms] [LOG] ads guide web js @ https://www.gstatic.com/_/mss/boq-google-ads-adsguide/_/js/k=boq-google-ads-adsguide.AwAdsguideJs.en_US.92F2iV-I61E.2018.O/am=BBBAEw/d=1/br=1/rs=APi5bhj9ZCiX7PAgTZC0aE4K-AjfLR0DoA/m=_js:1665
[  941368ms] [INFO] Autofocus processing was blocked because a document already has a focused element. @ https://ads.google.com/aw/ads?ocid=8286053655&workspaceId=0&euid=598303129&__u=9911701521&uscid=8286053655&__c=6334328095&authuser=0:0
[  951379ms] [WARNING] Failed to inject root provider minified:aOu: Null check operator used on a null value @ https://www.gstatic.com/_/mss/boq-google-ads-adsguide/_/js/k=boq-google-ads-adsguide.AwAdsGuide.en_US.ulRcyV3XHIg.es6.O/d=1/ed=1/dg=0/br=1/wt=0/ujg=1/rs=APi5bhhUCkSuTXKdczHDbrFArfQsMwDFzw/dti=1/m=_c,_t,_b:293115
[  951575ms] [LOG] [acadv-interaction-block-registry] Setting up global listeners. @ https://www.gstatic.com/_/mss/boq-google-ads-adsguide/_/js/k=boq-google-ads-adsguide.AwAdsguideJs.en_US.92F2iV-I61E.2018.O/am=BBBAEw/d=1/br=1/rs=APi5bhj9ZCiX7PAgTZC0aE4K-AjfLR0DoA/m=_js:134
[  951575ms] [LOG] ads guide web js @ https://www.gstatic.com/_/mss/boq-google-ads-adsguide/_/js/k=boq-google-ads-adsguide.AwAdsguideJs.en_US.92F2iV-I61E.2018.O/am=BBBAEw/d=1/br=1/rs=APi5bhj9ZCiX7PAgTZC0aE4K-AjfLR0DoA/m=_js:1665
[ 1285946ms] [INFO] Autofocus processing was blocked because a document already has a focused element. @ https://ads.google.com/aw/ads?ocid=8286053655&workspaceId=0&euid=598303129&__u=9911701521&uscid=8286053655&__c=6334328095&authuser=0:0
[ 1296017ms] [WARNING] Failed to inject root provider minified:aOu: Null check operator used on a null value @ https://www.gstatic.com/_/mss/boq-google-ads-adsguide/_/js/k=boq-google-ads-adsguide.AwAdsGuide.en_US.ulRcyV3XHIg.es6.O/d=1/ed=1/dg=0/br=1/wt=0/ujg=1/rs=APi5bhhUCkSuTXKdczHDbrFArfQsMwDFzw/dti=1/m=_c,_t,_b:293115
[ 1296150ms] [LOG] [acadv-interaction-block-registry] Setting up global listeners. @ https://www.gstatic.com/_/mss/boq-google-ads-adsguide/_/js/k=boq-google-ads-adsguide.AwAdsguideJs.en_US.92F2iV-I61E.2018.O/am=BBBAEw/d=1/br=1/rs=APi5bhj9ZCiX7PAgTZC0aE4K-AjfLR0DoA/m=_js:134
[ 1296150ms] [LOG] ads guide web js @ https://www.gstatic.com/_/mss/boq-google-ads-adsguide/_/js/k=boq-google-ads-adsguide.AwAdsguideJs.en_US.92F2iV-I61E.2018.O/am=BBBAEw/d=1/br=1/rs=APi5bhj9ZCiX7PAgTZC0aE4K-AjfLR0DoA/m=_js:1665
[ 1544993ms] [INFO] Autofocus processing was blocked because a document already has a focused element. @ https://ads.google.com/aw/ads?ocid=8286053655&workspaceId=0&euid=598303129&__u=9911701521&uscid=8286053655&__c=6334328095&authuser=0:0
[ 1555073ms] [WARNING] Failed to inject root provider minified:aOu: Null check operator used on a null value @ https://www.gstatic.com/_/mss/boq-google-ads-adsguide/_/js/k=boq-google-ads-adsguide.AwAdsGuide.en_US.ulRcyV3XHIg.es6.O/d=1/ed=1/dg=0/br=1/wt=0/ujg=1/rs=APi5bhhUCkSuTXKdczHDbrFArfQsMwDFzw/dti=1/m=_c,_t,_b:293115
[ 1555344ms] [LOG] [acadv-interaction-block-registry] Setting up global listeners. @ https://www.gstatic.com/_/mss/boq-google-ads-adsguide/_/js/k=boq-google-ads-adsguide.AwAdsguideJs.en_US.92F2iV-I61E.2018.O/am=BBBAEw/d=1/br=1/rs=APi5bhj9ZCiX7PAgTZC0aE4K-AjfLR0DoA/m=_js:134
[ 1555345ms] [LOG] ads guide web js @ https://www.gstatic.com/_/mss/boq-google-ads-adsguide/_/js/k=boq-google-ads-adsguide.AwAdsguideJs.en_US.92F2iV-I61E.2018.O/am=BBBAEw/d=1/br=1/rs=APi5bhj9ZCiX7PAgTZC0aE4K-AjfLR0DoA/m=_js:1665
[ 1678486ms] [WARNING] Failed to inject root provider minified:aOu: Null check operator used on a null value @ https://www.gstatic.com/_/mss/boq-google-ads-adsguide/_/js/k=boq-google-ads-adsguide.AwAdsGuide.en_US.ulRcyV3XHIg.es6.O/d=1/ed=1/dg=0/br=1/wt=0/ujg=1/rs=APi5bhhUCkSuTXKdczHDbrFArfQsMwDFzw/dti=1/m=_c,_t,_b:293115
[ 1678670ms] [LOG] [acadv-interaction-block-registry] Setting up global listeners. @ https://www.gstatic.com/_/mss/boq-google-ads-adsguide/_/js/k=boq-google-ads-adsguide.AwAdsguideJs.en_US.92F2iV-I61E.2018.O/am=BBBAEw/d=1/br=1/rs=APi5bhj9ZCiX7PAgTZC0aE4K-AjfLR0DoA/m=_js:134
[ 1678671ms] [LOG] ads guide web js @ https://www.gstatic.com/_/mss/boq-google-ads-adsguide/_/js/k=boq-google-ads-adsguide.AwAdsguideJs.en_US.92F2iV-I61E.2018.O/am=BBBAEw/d=1/br=1/rs=APi5bhj9ZCiX7PAgTZC0aE4K-AjfLR0DoA/m=_js:1665
[ 1678782ms] [INFO] Autofocus processing was blocked because a document already has a focused element. @ https://ads.google.com/aw/ads?ocid=8286053655&workspaceId=0&euid=598303129&__u=9911701521&uscid=8286053655&__c=6334328095&authuser=0:0
[ 1794609ms] [INFO] Autofocus processing was blocked because a document already has a focused element. @ https://ads.google.com/aw/ads?ocid=8286053655&workspaceId=0&euid=598303129&__u=9911701521&uscid=8286053655&__c=6334328095&authuser=0:0
[ 1804671ms] [WARNING] Failed to inject root provider minified:aOu: Null check operator used on a null value @ https://www.gstatic.com/_/mss/boq-google-ads-adsguide/_/js/k=boq-google-ads-adsguide.AwAdsGuide.en_US.ulRcyV3XHIg.es6.O/d=1/ed=1/dg=0/br=1/wt=0/ujg=1/rs=APi5bhhUCkSuTXKdczHDbrFArfQsMwDFzw/dti=1/m=_c,_t,_b:293115
[ 1804806ms] [LOG] [acadv-interaction-block-registry] Setting up global listeners. @ https://www.gstatic.com/_/mss/boq-google-ads-adsguide/_/js/k=boq-google-ads-adsguide.AwAdsguideJs.en_US.92F2iV-I61E.2018.O/am=BBBAEw/d=1/br=1/rs=APi5bhj9ZCiX7PAgTZC0aE4K-AjfLR0DoA/m=_js:134
[ 1804807ms] [LOG] ads guide web js @ https://www.gstatic.com/_/mss/boq-google-ads-adsguide/_/js/k=boq-google-ads-adsguide.AwAdsguideJs.en_US.92F2iV-I61E.2018.O/am=BBBAEw/d=1/br=1/rs=APi5bhj9ZCiX7PAgTZC0aE4K-AjfLR0DoA/m=_js:1665
[ 2350349ms] [INFO] Autofocus processing was blocked because a document already has a focused element. @ https://ads.google.com/aw/ads?ocid=8286053655&workspaceId=0&euid=598303129&__u=9911701521&uscid=8286053655&__c=6334328095&authuser=0:0
[ 2360426ms] [WARNING] Failed to inject root provider minified:aOu: Null check operator used on a null value @ https://www.gstatic.com/_/mss/boq-google-ads-adsguide/_/js/k=boq-google-ads-adsguide.AwAdsGuide.en_US.ulRcyV3XHIg.es6.O/d=1/ed=1/dg=0/br=1/wt=0/ujg=1/rs=APi5bhhUCkSuTXKdczHDbrFArfQsMwDFzw/dti=1/m=_c,_t,_b:293115
[ 2360636ms] [LOG] [acadv-interaction-block-registry] Setting up global listeners. @ https://www.gstatic.com/_/mss/boq-google-ads-adsguide/_/js/k=boq-google-ads-adsguide.AwAdsguideJs.en_US.92F2iV-I61E.2018.O/am=BBBAEw/d=1/br=1/rs=APi5bhj9ZCiX7PAgTZC0aE4K-AjfLR0DoA/m=_js:134
[ 2360636ms] [LOG] ads guide web js @ https://www.gstatic.com/_/mss/boq-google-ads-adsguide/_/js/k=boq-google-ads-adsguide.AwAdsguideJs.en_US.92F2iV-I61E.2018.O/am=BBBAEw/d=1/br=1/rs=APi5bhj9ZCiX7PAgTZC0aE4K-AjfLR0DoA/m=_js:1665
