[   13370ms] [WARNING] Failed to inject root provider minified:aOu: Null check operator used on a null value @ https://www.gstatic.com/_/mss/boq-google-ads-adsguide/_/js/k=boq-google-ads-adsguide.AwAdsGuide.en_US.ulRcyV3XHIg.es6.O/d=1/ed=1/dg=0/br=1/wt=0/ujg=1/rs=APi5bhhUCkSuTXKdczHDbrFArfQsMwDFzw/dti=1/m=_c,_t,_b:293115
[   13420ms] [LOG] [acadv-interaction-block-registry] Setting up global listeners. @ https://www.gstatic.com/_/mss/boq-google-ads-adsguide/_/js/k=boq-google-ads-adsguide.AwAdsguideJs.en_US.92F2iV-I61E.2018.O/am=BBBAEw/d=1/br=1/rs=APi5bhj9ZCiX7PAgTZC0aE4K-AjfLR0DoA/m=_js:134
[   13421ms] [LOG] ads guide web js @ https://www.gstatic.com/_/mss/boq-google-ads-adsguide/_/js/k=boq-google-ads-adsguide.AwAdsguideJs.en_US.92F2iV-I61E.2018.O/am=BBBAEw/d=1/br=1/rs=APi5bhj9ZCiX7PAgTZC0aE4K-AjfLR0DoA/m=_js:1665
[   13570ms] [INFO] Autofocus processing was blocked because a document already has a focused element. @ https://ads.google.com/aw/audiences/summary?campaignId=23908168045&ocid=8286053655&workspaceId=0&authuser=0&__u=9911701521&__c=6334328095:0
[  821488ms] [ERROR] Failed to load resource: net::ERR_NAME_NOT_RESOLVED @ https://ads.google.com/aw_dva/_/rpc/BatchService/Batch?authuser=0&xt=awn&acx-v-bv=awn_dva_auto_20260527-0913_RC000&acx-v-clt=1780798451393&rpcTrackingId=BatchService.Batch%5BAgeService.List%2CGenderService.List%2CParentService.List%2CIncomeService.List%2CCampaignService.List%5D%3A1&f.sid=1819792921043352000:0
[  821488ms] [ERROR] Failed to load resource: net::ERR_NAME_NOT_RESOLVED @ https://ads.google.com/aw/heartbeat:0
[  832565ms] [ERROR] Failed to load resource: net::ERR_NAME_NOT_RESOLVED @ https://ads.google.com/aw_dva/_/rpc/BatchService/Batch?authuser=0&xt=awn&acx-v-bv=awn_dva_auto_20260527-0913_RC000&acx-v-clt=1780798451393&rpcTrackingId=BatchService.Batch%5BAgeService.List%2CGenderService.List%2CParentService.List%2CIncomeService.List%2CCampaignService.List%5D%3A1&f.sid=1819792921043352000:0
[  842166ms] [ERROR] [DVA] 2026-06-06 22:28:11.760 SEVERE 0 ads.awapps2.infra.exceptions.exception_handler ; Uncaught exception: StreamyRpcException: Status: 0, ; null
URL=https://ads.google.com/aw/audiences/summary?campaignId=23908168045&ocid=8286053655&workspaceId=0&authuser=0&__u=9911701521&__c=6334328095
globalExceptionIndex=0
document.referrer=
navigator.onLine=true

exception=RpcExceptionz: httpStatus: 0, rootError: StreamyHttpError(httpStatus=0, message=ERROR_WITH_EMPTY_MESSAGE

Status: 0
StatusText: 
ReadyState: 4

URI: 
ResponseHeaders: 
Error: Instance of 'minified:a8A', error=null), numRetries: 2, request: RpcRequestz_ads.awapps.anji.proto.infra.batch.BatchService_Batch: requestJson: header: {
  customerScope: {
    scopeCustomerId: 8286053655
  }
  timeZoneOffsetMillis: -14400000
  accountCreationTime: 1780443682490
  experimentBlob: {"1":[{"1":"1000004","2":"TREATMENT"},{"1":"1000033","2":"TREATMENT"},{"1":"1000052","2":"TREATMENT"},{"1":"1000058","2":"TREATMENT"}]}
}
selector: {
  fieldPath: campaign_id
  fieldPath: ad_group_id
  fieldPath: criterion_id
  fieldPath: is_negative
  predicate: {
    field: campaign_id
    operator: EQUALS
    value: {
      longValue: 23908168045
    }
  }
  predicate: {
    field: ad_group_id
    operator: EQUALS
    value: {
      longValue: 198003841358
    }
  }
  predicate: {
    field: is_negative
    operator: EQUALS
    value: {
      booleanValue: false
    }
  }
}

requestJson: header: {
  customerScope: {
    scopeCustomerId: 8286053655
  }
  timeZoneOffsetMillis: -14400000
  accountCreationTime: 1780443682490
  experimentBlob: {"1":[{"1":"1000004","2":"TREATMENT"},{"1":"1000033","2":"TREATMENT"},{"1":"1000052","2":"TREATMENT"},{"1":"1000058","2":"TREATMENT"}]}
}
selector: {
  fieldPath: campaign_id
  fieldPath: ad_group_id
  fieldPath: criterion_id
  fieldPath: is_negative
  predicate: {
    field: campaign_id
    operator: EQUALS
    value: {
      longValue: 23908168045
    }
  }
  predicate: {
    field: ad_group_id
    operator: EQUALS
    value: {
      longValue: 198003841358
    }
  }
  predicate: {
    field: is_negative
    operator: EQUALS
    value: {
      booleanValue: false
    }
  }
}

requestJson: header: {
  customerScope: {
    scopeCustomerId: 8286053655
  }
  timeZoneOffsetMillis: -14400000
  accountCreationTime: 1780443682490
  experimentBlob: {"1":[{"1":"1000004","2":"TREATMENT"},{"1":"1000033","2":"TREATMENT"},{"1":"1000052","2":"TREATMENT"},{"1":"1000058","2":"TREATMENT"}]}
}
selector: {
  fieldPath: campaign_id
  fieldPath: ad_group_id
  fieldPath: criterion_id
  fieldPath: is_negative
  predicate: {
    field: campaign_id
    operator: EQUALS
    value: {
      longValue: 23908168045
    }
  }
  predicate: {
    field: ad_group_id
    operator: EQUALS
    value: {
      longValue: 198003841358
    }
  }
  predicate: {
    field: is_negative
    operator: EQUALS
    value: {
      booleanValue: false
    }
  }
}

requestJson: header: {
  customerScope: {
    scopeCustomerId: 8286053655
  }
  timeZoneOffsetMillis: -14400000
  accountCreationTime: 1780443682490
  experimentBlob: {"1":[{"1":"1000004","2":"TREATMENT"},{"1":"1000033","2":"TREATMENT"},{"1":"1000052","2":"TREATMENT"},{"1":"1000058","2":"TREATMENT"}]}
}
selector: {
  fieldPath: campaign_id
  fieldPath: ad_group_id
  fieldPath: criterion_id
  fieldPath: is_negative
  predicate: {
    field: campaign_id
    operator: EQUALS
    value: {
      longValue: 23908168045
    }
  }
  predicate: {
    field: ad_group_id
    operator: EQUALS
    value: {
      longValue: 198003841358
    }
  }
  predicate: {
    field: is_negative
    operator: EQUALS
    value: {
      booleanValue: false
    }
  }
}

requestJson: header: {
  customerScope: {
    scopeCustomerId: 8286053655
  }
  timeZoneOffsetMillis: -14400000
  accountCreationTime: 1780443682490
  experimentBlob: {"1":[{"1":"1000004","2":"TREATMENT"},{"1":"1000033","2":"TREATMENT"},{"1":"1000052","2":"TREATMENT"},{"1":"1000058","2":"TREATMENT"},{"1":"1090079","2":"TREATMENT"},{"1":"1090088","2":"TREATMENT"}]}
}
selector: {
  fieldPath: campaign_id
  fieldPath: video_campaign_use_five_year_age_ranges
  predicate: {
    field: campaign_id
    operator: EQUALS
    value: {
      longValue: 23908168045
    }
  }
}

metaData: {
  serviceName: ads.awapps.anji.proto.video.demographic.age.AgeService
  rpcName: List
}
metaData: {
  serviceName: ads.awapps.anji.proto.video.demographic.gender.GenderService
  rpcName: List
}
metaData: {
  serviceName: ads.awapps.anji.proto.video.demographic.parent.ParentService
  rpcName: List
}
metaData: {
  serviceName: ads.awapps.anji.proto.video.demographic.income.IncomeService
  rpcName: List
}
metaData: {
  serviceName: ads.awapps.anji.proto.infra.campaign.CampaignService
  rpcName: List
}
, response: {error: {errors: [{message: ERROR_WITH_EMPTY_MESSAGE

Status: 0
StatusText: 
ReadyState: 4

URI: 
ResponseHeaders: 
Error: Instance of 'minified:a8A'}]}}, response body: null. 

lastLogRecords=[
  
]
===== asynchronous gap ===========================
Error
    at Object.kn (https://www.gstatic.com/awn/dva//brt/awn_dva_auto_20260527-0913_RC000/aw_dva/main.dart.js:4025:18)
    at dnv.aun (https://www.gstatic.com/awn/dva//brt/awn_dva_auto_20260527-0913_RC000/aw_dva/main.dart.js:138496:20)
    at dqf.c8 (https://www.gstatic.com/awn/dva//brt/awn_dva_auto_20260527-0913_RC000/aw_dva/main.dart.js:187454:36)
    at dkS.c8 (https://www.gstatic.com/awn/dva//brt/awn_dva_auto_20260527-0913_RC000/aw_dva/main.dart.js:92693:25)
    at ak_.cg (https://www.gstatic.com/awn/dva//brt/awn_dva_auto_20260527-0913_RC000/aw_dva/main.dart.js:106969:13)
    at aey.bxd (https://www.gstatic.com/awn/dva//brt/awn_dva_auto_20260527-0913_RC000/aw_dva/main.dart.js:92385:24)
    at aey.j7 (https://www.gstatic.com/awn/dva//brt/awn_dva_auto_20260527-0913_RC000/aw_dva/main.dart.js:138557:3)
    at https://www.gstatic.com/awn/dva//brt/awn_dva_auto_20260527-0913_RC000/aw_dva/main.dart.js_885.part.js:3800:18
    at iwn.a (https://www.gstatic.com/awn/dva//brt/awn_dva_auto_20260527-0913_RC000/aw_dva/main.dart.js:2441:63)
    at iwn.$2 (https://www.gstatic.com/awn/dva//brt/awn_dva_auto_20260527-0913_RC000/aw_dva/main.dart.js:73464:14)
Error
    at Object.kn (https://www.gstatic.com/awn/dva//brt/awn_dva_auto_20260527-0913_RC000/aw_dva/main.dart.js:4025:18)
    at biU.aQ (https://www.gstatic.com/awn/dva//brt/awn_dva_auto_20260527-0913_RC000/aw_dva/main.dart.js:181490:45)
    at biU.bjE (https://www.gstatic.com/awn/dva//brt/awn_dva_auto_20260527-0913_RC000/aw_dva/main.dart.js:181495:24)
    at aOH.cJp (https://www.gstatic.com/awn/dva//brt/awn_dva_auto_20260527-0913_RC000/aw_dva/main.dart.js:127164:15)
    at tear_off.<anonymous> (https://www.gstatic.com/awn/dva//brt/awn_dva_auto_20260527-0913_RC000/aw_dva/main.dart.js:1103:65)
    at iw4.$1 (https://www.gstatic.com/awn/dva//brt/awn_dva_auto_20260527-0913_RC000/aw_dva/main.dart.js:210778:5)
    at aOH.cJr (https://www.gstatic.com/awn/dva//brt/awn_dva_auto_20260527-0913_RC000/aw_dva/main.dart.js:127254:27)
    at fdW.$0 (https://www.gstatic.com/awn/dva//brt/awn_dva_auto_20260527-0913_RC000/aw_dva/main.dart.js:127256:13)
    at Object.ivj (https://www.gstatic.com/awn/dva//brt/awn_dva_auto_20260527-0913_RC000/aw_dva/main.dart.js:2759:9)
    at eA9.f8 (https://www.gstatic.com/awn/dva//brt/awn_dva_auto_20260527-0913_RC000/aw_dva/main.dart.js:75178:10)
URL=https://ads.google.com/aw/audiences/summary?campaignId=23908168045&ocid=8286053655&workspaceId=0&authuser=0&__u=9911701521&__c=6334328095 @ https://www.gstatic.com/awn/dva//brt/awn_dva_auto_20260527-0913_RC000/aw_dva/main.dart.js:79774
[  842176ms] [ERROR] Failed to load resource: net::ERR_NAME_NOT_RESOLVED @ https://ads.google.com/aw_dva/_/rpc/BatchService/Batch?authuser=0&xt=awn&acx-v-bv=awn_dva_auto_20260527-0913_RC000&acx-v-clt=1780798451393&rpcTrackingId=BatchService.Batch%5BAgeService.List%2CGenderService.List%2CParentService.List%2CIncomeService.List%2CCampaignService.List%5D%3A1&f.sid=1819792921043352000:0
[  844956ms] [ERROR] Failed to load resource: net::ERR_NAME_NOT_RESOLVED @ https://ads.google.com/aw/heartbeat:0
[  847758ms] [ERROR] Failed to load resource: net::ERR_NAME_NOT_RESOLVED @ https://ads.google.com/aw_dva/_/logging?authuser=0&xt=awn&acx-v-bv=awn_dva_auto_20260527-0913_RC000&acx-v-clt=1780798451393:0
[  856553ms] [ERROR] Failed to load resource: net::ERR_NAME_NOT_RESOLVED @ https://ads.google.com/aw/heartbeat:0
